<?xml version="1.0" encoding="UTF-8"?>
<!-- Generated by org.testng.reporters.JUnitReportReporter -->
<testsuite skipped="0" hostname="LAPTOP-Q2CHBLVR" name="qaclickacademy2.Mavenjava2.SeleniumTest" tests="2" failures="0" timestamp="2020-03-03T05:13:11 CST" time="0.002" errors="0">
  <testcase name="BrowserUiAutomation" time="0.001" classname="qaclickacademy2.Mavenjava2.SeleniumTest"/>
  <testcase name="ElementsUi" time="0.001" classname="qaclickacademy2.Mavenjava2.SeleniumTest"/>
</testsuite> <!-- qaclickacademy2.Mavenjava2.SeleniumTest -->
