<?xml version="1.0" encoding="UTF-8"?>
<!-- Generated by org.testng.reporters.JUnitReportReporter -->
<testsuite skipped="0" hostname="LAPTOP-Q2CHBLVR" name="qaclickacademy2.Mavenjava2.AppiumTest" tests="2" failures="0" timestamp="2020-03-03T05:13:11 CST" time="0.016" errors="0">
  <testcase name="iOSApp" time="0.002" classname="qaclickacademy2.Mavenjava2.AppiumTest"/>
  <testcase name="NativeAppAndroid" time="0.014" classname="qaclickacademy2.Mavenjava2.AppiumTest"/>
</testsuite> <!-- qaclickacademy2.Mavenjava2.AppiumTest -->
