<?xml version="1.0" encoding="UTF-8"?>
<!-- Generated by org.testng.reporters.JUnitReportReporter -->
<testsuite skipped="0" hostname="LAPTOP-Q2CHBLVR" name="qaclickacademy2.Mavenjava2.RestAssuredTest" tests="2" failures="0" timestamp="2020-03-03T06:13:46 CST" time="0.001" errors="0">
  <testcase name="deleteTwitter" time="0.000" classname="qaclickacademy2.Mavenjava2.RestAssuredTest"/>
  <system-out/>
  <testcase name="PostJira" time="0.001" classname="qaclickacademy2.Mavenjava2.RestAssuredTest"/>
  <system-out/>
</testsuite> <!-- qaclickacademy2.Mavenjava2.RestAssuredTest -->
